<?xml version="1.0" encoding="UTF-8"?>
<!-- Generated by org.testng.reporters.JUnitReportReporter -->
<testsuite hostname="LAPTOP-L31P1TRG" failures="0" tests="1" name="com.amazon.TestScripts.TestCase1" time="18.228" errors="0" timestamp="2023-02-07T13:37:30 IST" skipped="0">
  <testcase classname="com.amazon.TestScripts.TestCase1" name="tc1" time="18.228"/>
  <system-out/>
</testsuite> <!-- com.amazon.TestScripts.TestCase1 -->
